<?xml version="1.0" encoding="UTF-8"?>
<!-- Generated by org.testng.reporters.JUnitReportReporter -->
<testsuite hostname="DESKTOP-2E45Q8T" name="Appium_Testing.Appium_Testing.NewTest" tests="3" failures="0" timestamp="28 Nov 2020 13:00:26 GMT" time="71.002" errors="0">
  <testcase name="view" time="25.836" classname="Appium_Testing.Appium_Testing.NewTest"/>
  <testcase name="swipeclock" time="22.963" classname="Appium_Testing.Appium_Testing.NewTest"/>
  <testcase name="Preference" time="22.203" classname="Appium_Testing.Appium_Testing.NewTest"/>
</testsuite> <!-- Appium_Testing.Appium_Testing.NewTest -->
