<?xml version="1.0" encoding="UTF-8"?>
<!-- Generated by org.testng.reporters.JUnitReportReporter -->
<testsuite hostname="DESKTOP-2E45Q8T" name="Appium_Testing.Appium_Testing.NewTest" tests="2" failures="0" timestamp="28 Nov 2020 10:47:53 GMT" time="44.787" errors="0">
  <testcase name="Preference" time="25.540" classname="Appium_Testing.Appium_Testing.NewTest"/>
  <testcase name="view" time="19.247" classname="Appium_Testing.Appium_Testing.NewTest"/>
</testsuite> <!-- Appium_Testing.Appium_Testing.NewTest -->
